#
# A fatal error has been detected by the Java Runtime Environment:
#
#  EXCEPTION_ACCESS_VIOLATION (0xc0000005) at pc=0x0000000000000000, pid=21096, tid=8796
#
# JRE version: OpenJDK Runtime Environment AdoptOpenJDK (15.0.2+7) (build 15.0.2+7)
# Java VM: OpenJDK 64-Bit Server VM AdoptOpenJDK (15.0.2+7, mixed mode, sharing, tiered, compressed oops, g1 gc, windows-amd64)
# Problematic frame:
# C  0x0000000000000000
#
# No core dump will be written. Minidumps are not enabled by default on client versions of Windows
#
# If you would like to submit a bug report, please visit:
#   https://github.com/AdoptOpenJDK/openjdk-support/issues
# The crash happened outside the Java Virtual Machine in native code.
# See problematic frame for where to report the bug.
#

---------------  S U M M A R Y ------------

Command Line: -javaagent:C:\Program Files\JetBrains\IntelliJ IDEA 2020.2.3\lib\idea_rt.jar=55992:C:\Program Files\JetBrains\IntelliJ IDEA 2020.2.3\bin -Dfile.encoding=UTF-8 current.AnnoyedKt

Host: Intel(R) Core(TM) i7-7700HQ CPU @ 2.80GHz, 8 cores, 7G,  Windows 10 , 64 bit Build 18362 (10.0.18362.1645)
Time: Wed Jul 28 14:33:32 2021 W. Europe Daylight Time elapsed time: 2.537192 seconds (0d 0h 0m 2s)

---------------  T H R E A D  ---------------

Current thread (0x000002083c21e350):  JavaThread "Thread-1" [_thread_in_native, id=8796, stack(0x0000009953000000,0x0000009953100000)]

Stack: [0x0000009953000000,0x0000009953100000],  sp=0x00000099530fd0a8,  free space=1012k
Native frames: (J=compiled Java code, j=interpreted, Vv=VM code, C=native code)

Java frames: (J=compiled Java code, j=interpreted, Vv=VM code)
j  org.lwjgl.system.JNI.invokeI(J)I+0
j  org.lwjgl.glfw.GLFW.glfwInit()Z+5
j  org.openrndr.internal.gl3.ApplicationGLFWGL3.createPrimaryWindow()V+23
j  org.openrndr.internal.gl3.ApplicationGLFWGL3.<init>(Lorg/openrndr/Program;Lorg/openrndr/Configuration;)V+200
v  ~StubRoutines::call_stub
J 1361  jdk.internal.reflect.NativeConstructorAccessorImpl.newInstance0(Ljava/lang/reflect/Constructor;[Ljava/lang/Object;)Ljava/lang/Object; java.base@15.0.2 (0 bytes) @ 0x000002082bfdccb6 [0x000002082bfdcc40+0x0000000000000076]
J 1360 c1 jdk.internal.reflect.NativeConstructorAccessorImpl.newInstance([Ljava/lang/Object;)Ljava/lang/Object; java.base@15.0.2 (102 bytes) @ 0x0000020824c5f9fc [0x0000020824c5ef20+0x0000000000000adc]
J 1307 c1 jdk.internal.reflect.DelegatingConstructorAccessorImpl.newInstance([Ljava/lang/Object;)Ljava/lang/Object; java.base@15.0.2 (9 bytes) @ 0x0000020824c460cc [0x0000020824c45fc0+0x000000000000010c]
J 1306 c1 java.lang.reflect.Constructor.newInstanceWithCaller([Ljava/lang/Object;ZLjava/lang/Class;)Ljava/lang/Object; java.base@15.0.2 (75 bytes) @ 0x0000020824c45ad4 [0x0000020824c45880+0x0000000000000254]
J 1325 c1 java.lang.reflect.Constructor.newInstance([Ljava/lang/Object;)Ljava/lang/Object; java.base@15.0.2 (34 bytes) @ 0x0000020824c4c42c [0x0000020824c4c2c0+0x000000000000016c]
j  org.openrndr.Application$Companion.run(Lorg/openrndr/Program;Lorg/openrndr/Configuration;Lkotlin/coroutines/Continuation;)Ljava/lang/Object;+147
j  org.openrndr.ApplicationJVM.application(Lorg/openrndr/Program;Lorg/openrndr/Configuration;Lkotlin/coroutines/Continuation;)Ljava/lang/Object;+6
j  org.openrndr.ApplicationBuilderKt$applicationSynchronous$1.invokeSuspend(Ljava/lang/Object;)Ljava/lang/Object;+59
j  kotlin.coroutines.jvm.internal.BaseContinuationImpl.resumeWith(Ljava/lang/Object;)V+46
j  kotlinx.coroutines.DispatchedTask.run()V+350
j  kotlinx.coroutines.EventLoopImplBase.processNextEvent()J+202
j  kotlinx.coroutines.BlockingCoroutine.joinBlocking()Ljava/lang/Object;+94
j  kotlinx.coroutines.BuildersKt__BuildersKt.runBlocking(Lkotlin/coroutines/CoroutineContext;Lkotlin/jvm/functions/Function2;)Ljava/lang/Object;+181
j  kotlinx.coroutines.BuildersKt.runBlocking(Lkotlin/coroutines/CoroutineContext;Lkotlin/jvm/functions/Function2;)Ljava/lang/Object;+2
j  kotlinx.coroutines.BuildersKt__BuildersKt.runBlocking$default(Lkotlin/coroutines/CoroutineContext;Lkotlin/jvm/functions/Function2;ILjava/lang/Object;)Ljava/lang/Object;+15
j  kotlinx.coroutines.BuildersKt.runBlocking$default(Lkotlin/coroutines/CoroutineContext;Lkotlin/jvm/functions/Function2;ILjava/lang/Object;)Ljava/lang/Object;+4
j  org.openrndr.ApplicationBuilderKt.applicationSynchronous(Lkotlin/jvm/functions/Function1;)V+61
j  current.AnnoyedKt$main$2.invoke()V+6
j  current.AnnoyedKt$main$2.invoke()Ljava/lang/Object;+1
j  kotlin.concurrent.ThreadsKt$thread$thread$1.run()V+4
v  ~StubRoutines::call_stub

siginfo: EXCEPTION_ACCESS_VIOLATION (0xc0000005), data execution prevention violation at address 0x0000000000000000


Register to memory mapping:

RIP=0x0 is NULL
RAX=0x800000000001801b is an unknown value
RBX=0x0 is NULL
RCX=0x00000099530fd0d0 is pointing into the stack for thread: 0x000002083c21e350
RDX=0x0000000000000023 is an unknown value
RSP=0x00000099530fd0a8 is pointing into the stack for thread: 0x000002083c21e350
RBP=0x000002083d5a18a0 points into unknown readable memory: 0x20636972656e6547 | 47 65 6e 65 72 69 63 20
RSI=0x00000099530fd700 is pointing into the stack for thread: 0x000002083c21e350
RDI=0x0 is NULL
R8 =0x800000000001801b is an unknown value
R9 =0x800000000000001b is an unknown value
R10=0x0 is NULL
R11=0x00000099530fd0e4 is pointing into the stack for thread: 0x000002083c21e350
R12=0x0 is NULL
R13=0x0 is NULL
R14=0x00000099530fd3b0 is pointing into the stack for thread: 0x000002083c21e350
R15=0x0 is NULL


Registers:
RAX=0x800000000001801b, RBX=0x0000000000000000, RCX=0x00000099530fd0d0, RDX=0x0000000000000023
RSP=0x00000099530fd0a8, RBP=0x000002083d5a18a0, RSI=0x00000099530fd700, RDI=0x0000000000000000
R8 =0x800000000001801b, R9 =0x800000000000001b, R10=0x0000000000000000, R11=0x00000099530fd0e4
R12=0x0000000000000000, R13=0x0000000000000000, R14=0x00000099530fd3b0, R15=0x0000000000000000
RIP=0x0000000000000000, EFLAGS=0x0000000000010286

Top of Stack: (sp=0x00000099530fd0a8)
0x00000099530fd0a8:   00007ffe12007788 00000000000000dc
0x00000099530fd0b8:   00007ffe6f1e130d 0000000000000000
0x00000099530fd0c8:   0000000000000000 000000060000011c
0x00000099530fd0d8:   0000000000000003 0000000000000000
0x00000099530fd0e8:   0000000000000000 0000000000000000
0x00000099530fd0f8:   0000000000000000 0000000000000000
0x00000099530fd108:   0000000000000000 0000000000000000
0x00000099530fd118:   0000000000000000 0000000000000000
0x00000099530fd128:   0000000000000000 0000000000000000
0x00000099530fd138:   0000000000000000 0000000000000000
0x00000099530fd148:   0000000000000000 0000000000000000
0x00000099530fd158:   0000000000000000 0000000000000000
0x00000099530fd168:   0000000000000000 0000000000000000
0x00000099530fd178:   0000000000000000 0000000000000000
0x00000099530fd188:   0000000000000000 0000000000000000
0x00000099530fd198:   0000000000000000 0000000000000000 

Instructions: (pc=0x0000000000000000)
0xffffffffffffff00:   


Stack slot to memory mapping:
stack at sp + 0 slots: 0x00007ffe12007788 glfw.dll
stack at sp + 1 slots: 0x00000000000000dc is an unknown value
stack at sp + 2 slots: 0x00007ffe6f1e130d ntdll.dll
stack at sp + 3 slots: 0x0 is NULL
stack at sp + 4 slots: 0x0 is NULL
stack at sp + 5 slots: 0x000000060000011c is an unknown value
stack at sp + 6 slots: 0x0000000000000003 is an unknown value
stack at sp + 7 slots: 0x0 is NULL


---------------  P R O C E S S  ---------------

Threads class SMR info:
_java_thread_list=0x000002083e14ac10, length=14, elements={
0x000002083b4f8690, 0x000002083b4f9170, 0x000002083b50fd10, 0x000002083b5125e0,
0x000002083b5142b0, 0x000002083b515050, 0x000002083b523020, 0x000002083be40060,
0x000002083b4ddc00, 0x000002083bf35f30, 0x000002083c7ae5f0, 0x000002083c7e0210,
0x000002083c21e350, 0x000002081a7d7220
}

Java Threads: ( => current thread )
  0x000002083b4f8690 JavaThread "Reference Handler" daemon [_thread_blocked, id=21304, stack(0x0000009952200000,0x0000009952300000)]
  0x000002083b4f9170 JavaThread "Finalizer" daemon [_thread_blocked, id=22480, stack(0x0000009952300000,0x0000009952400000)]
  0x000002083b50fd10 JavaThread "Signal Dispatcher" daemon [_thread_blocked, id=16516, stack(0x0000009952400000,0x0000009952500000)]
  0x000002083b5125e0 JavaThread "Attach Listener" daemon [_thread_blocked, id=9084, stack(0x0000009952500000,0x0000009952600000)]
  0x000002083b5142b0 JavaThread "Service Thread" daemon [_thread_blocked, id=24896, stack(0x0000009952600000,0x0000009952700000)]
  0x000002083b515050 JavaThread "C2 CompilerThread0" daemon [_thread_blocked, id=25872, stack(0x0000009952700000,0x0000009952800000)]
  0x000002083b523020 JavaThread "C1 CompilerThread0" daemon [_thread_blocked, id=24776, stack(0x0000009952800000,0x0000009952900000)]
  0x000002083be40060 JavaThread "Sweeper thread" daemon [_thread_blocked, id=3576, stack(0x0000009952900000,0x0000009952a00000)]
  0x000002083b4ddc00 JavaThread "Common-Cleaner" daemon [_thread_blocked, id=14024, stack(0x0000009952a00000,0x0000009952b00000)]
  0x000002083bf35f30 JavaThread "C2 CompilerThread1" daemon [_thread_blocked, id=21736, stack(0x0000009952b00000,0x0000009952c00000)]
  0x000002083c7ae5f0 JavaThread "Monitor Ctrl-Break" daemon [_thread_in_native, id=27900, stack(0x0000009952c00000,0x0000009952d00000)]
  0x000002083c7e0210 JavaThread "Notification Thread" daemon [_thread_blocked, id=28120, stack(0x0000009952d00000,0x0000009952e00000)]
=>0x000002083c21e350 JavaThread "Thread-1" [_thread_in_native, id=8796, stack(0x0000009953000000,0x0000009953100000)]
  0x000002081a7d7220 JavaThread "DestroyJavaVM" [_thread_blocked, id=21636, stack(0x0000009951b00000,0x0000009951c00000)]

Other Threads:
  0x000002083b4f4ef0 VMThread "VM Thread" [stack: 0x0000009952100000,0x0000009952200000] [id=22512]
  0x000002083be9dac0 WatcherThread [stack: 0x0000009952e00000,0x0000009952f00000] [id=26128]
  0x000002081a816410 GCTaskThread "GC Thread#0" [stack: 0x0000009951c00000,0x0000009951d00000] [id=26876]
  0x000002083c8fea60 GCTaskThread "GC Thread#1" [stack: 0x0000009953200000,0x0000009953300000] [id=25940]
  0x000002083c9010a0 GCTaskThread "GC Thread#2" [stack: 0x0000009953300000,0x0000009953400000] [id=9536]
  0x000002083c9013d0 GCTaskThread "GC Thread#3" [stack: 0x0000009953400000,0x0000009953500000] [id=26288]
  0x000002083c900710 GCTaskThread "GC Thread#4" [stack: 0x0000009953500000,0x0000009953600000] [id=28144]
  0x000002083c8ff720 GCTaskThread "GC Thread#5" [stack: 0x0000009953600000,0x0000009953700000] [id=28588]
  0x000002081a828380 ConcurrentGCThread "G1 Main Marker" [stack: 0x0000009951d00000,0x0000009951e00000] [id=27544]
  0x000002081a829740 ConcurrentGCThread "G1 Conc#0" [stack: 0x0000009951e00000,0x0000009951f00000] [id=26792]
  0x000002081a87e670 ConcurrentGCThread "G1 Refine#0" [stack: 0x0000009951f00000,0x0000009952000000] [id=22304]
  0x000002083b3683b0 ConcurrentGCThread "G1 Young RemSet Sampling" [stack: 0x0000009952000000,0x0000009952100000] [id=16488]

Threads with active compile tasks:

VM state: not at safepoint (normal execution)

VM Mutex/Monitor currently owned by a thread: None

Heap address: 0x0000000081400000, size: 2028 MB, Compressed Oops mode: 32-bit
CDS archive(s) mapped at: [0x0000000800000000-0x0000000800b50000-0x0000000800b50000), size 11862016, SharedBaseAddress: 0x0000000800000000, ArchiveRelocationMode: 0.
Compressed class space mapped at: 0x0000000800b50000-0x0000000840b50000, size: 1073741824
Narrow klass base: 0x0000000800000000, Narrow klass shift: 3, Narrow klass range: 0x100000000

GC Precious Log:
 CPUs: 8 total, 8 available
 Memory: 8111M
 Large Page Support: Disabled
 NUMA Support: Disabled
 Compressed Oops: Enabled (32-bit)
 Heap Region Size: 1M
 Heap Min Capacity: 8M
 Heap Initial Capacity: 128M
 Heap Max Capacity: 2028M
 Pre-touch: Disabled
 Parallel Workers: 8
 Concurrent Workers: 2
 Concurrent Refinement Workers: 8
 Periodic GC: Disabled

Heap:
 garbage-first heap   total 131072K, used 64141K [0x0000000081400000, 0x0000000100000000)
  region size 1024K, 54 young (55296K), 2 survivors (2048K)
 Metaspace       used 18799K, capacity 19071K, committed 19328K, reserved 1067008K
  class space    used 2061K, capacity 2168K, committed 2176K, reserved 1048576K

Heap Regions: E=young(eden), S=young(survivor), O=old, HS=humongous(starts), HC=humongous(continues), CS=collection set, F=free, OA=open archive, CA=closed archive, TAMS=top-at-mark-start (previous, next)
|   0|0x0000000081400000, 0x0000000081500000, 0x0000000081500000|100%|HS|  |TAMS 0x0000000081400000, 0x0000000081400000| Complete 
|   1|0x0000000081500000, 0x0000000081600000, 0x0000000081600000|100%|HS|  |TAMS 0x0000000081500000, 0x0000000081500000| Complete 
|   2|0x0000000081600000, 0x0000000081700000, 0x0000000081700000|100%|HC|  |TAMS 0x0000000081600000, 0x0000000081600000| Complete 
|   3|0x0000000081700000, 0x0000000081800000, 0x0000000081800000|100%|HC|  |TAMS 0x0000000081700000, 0x0000000081700000| Complete 
|   4|0x0000000081800000, 0x0000000081900000, 0x0000000081900000|100%| O|  |TAMS 0x0000000081800000, 0x0000000081800000| Untracked 
|   5|0x0000000081900000, 0x0000000081a00000, 0x0000000081a00000|100%| O|  |TAMS 0x0000000081900000, 0x0000000081900000| Untracked 
|   6|0x0000000081a00000, 0x0000000081b00000, 0x0000000081b00000|100%| O|  |TAMS 0x0000000081a00000, 0x0000000081a00000| Untracked 
|   7|0x0000000081b00000, 0x0000000081c00000, 0x0000000081c00000|100%| O|  |TAMS 0x0000000081b00000, 0x0000000081b00000| Untracked 
|   8|0x0000000081c00000, 0x0000000081d00000, 0x0000000081d00000|100%| O|  |TAMS 0x0000000081c00000, 0x0000000081c00000| Untracked 
|   9|0x0000000081d00000, 0x0000000081e00000, 0x0000000081e00000|100%| O|  |TAMS 0x0000000081d00000, 0x0000000081d00000| Untracked 
|  10|0x0000000081e00000, 0x0000000081e7c400, 0x0000000081f00000| 48%| O|  |TAMS 0x0000000081e00000, 0x0000000081e00000| Untracked 
|  11|0x0000000081f00000, 0x0000000082000000, 0x0000000082000000|100%|HS|  |TAMS 0x0000000081f00000, 0x0000000081f00000| Complete 
|  12|0x0000000082000000, 0x0000000082000000, 0x0000000082100000|  0%| F|  |TAMS 0x0000000082000000, 0x0000000082000000| Untracked 
|  13|0x0000000082100000, 0x0000000082100000, 0x0000000082200000|  0%| F|  |TAMS 0x0000000082100000, 0x0000000082100000| Untracked 
|  14|0x0000000082200000, 0x0000000082200000, 0x0000000082300000|  0%| F|  |TAMS 0x0000000082200000, 0x0000000082200000| Untracked 
|  15|0x0000000082300000, 0x0000000082300000, 0x0000000082400000|  0%| F|  |TAMS 0x0000000082300000, 0x0000000082300000| Untracked 
|  16|0x0000000082400000, 0x0000000082400000, 0x0000000082500000|  0%| F|  |TAMS 0x0000000082400000, 0x0000000082400000| Untracked 
|  17|0x0000000082500000, 0x0000000082500000, 0x0000000082600000|  0%| F|  |TAMS 0x0000000082500000, 0x0000000082500000| Untracked 
|  18|0x0000000082600000, 0x0000000082600000, 0x0000000082700000|  0%| F|  |TAMS 0x0000000082600000, 0x0000000082600000| Untracked 
|  19|0x0000000082700000, 0x0000000082700000, 0x0000000082800000|  0%| F|  |TAMS 0x0000000082700000, 0x0000000082700000| Untracked 
|  20|0x0000000082800000, 0x0000000082800000, 0x0000000082900000|  0%| F|  |TAMS 0x0000000082800000, 0x0000000082800000| Untracked 
|  21|0x0000000082900000, 0x0000000082900000, 0x0000000082a00000|  0%| F|  |TAMS 0x0000000082900000, 0x0000000082900000| Untracked 
|  22|0x0000000082a00000, 0x0000000082a00000, 0x0000000082b00000|  0%| F|  |TAMS 0x0000000082a00000, 0x0000000082a00000| Untracked 
|  23|0x0000000082b00000, 0x0000000082b00000, 0x0000000082c00000|  0%| F|  |TAMS 0x0000000082b00000, 0x0000000082b00000| Untracked 
|  24|0x0000000082c00000, 0x0000000082c00000, 0x0000000082d00000|  0%| F|  |TAMS 0x0000000082c00000, 0x0000000082c00000| Untracked 
|  25|0x0000000082d00000, 0x0000000082d00000, 0x0000000082e00000|  0%| F|  |TAMS 0x0000000082d00000, 0x0000000082d00000| Untracked 
|  26|0x0000000082e00000, 0x0000000082e00000, 0x0000000082f00000|  0%| F|  |TAMS 0x0000000082e00000, 0x0000000082e00000| Untracked 
|  27|0x0000000082f00000, 0x0000000082f00000, 0x0000000083000000|  0%| F|  |TAMS 0x0000000082f00000, 0x0000000082f00000| Untracked 
|  28|0x0000000083000000, 0x0000000083000000, 0x0000000083100000|  0%| F|  |TAMS 0x0000000083000000, 0x0000000083000000| Untracked 
|  29|0x0000000083100000, 0x0000000083100000, 0x0000000083200000|  0%| F|  |TAMS 0x0000000083100000, 0x0000000083100000| Untracked 
|  30|0x0000000083200000, 0x0000000083200000, 0x0000000083300000|  0%| F|  |TAMS 0x0000000083200000, 0x0000000083200000| Untracked 
|  31|0x0000000083300000, 0x0000000083300000, 0x0000000083400000|  0%| F|  |TAMS 0x0000000083300000, 0x0000000083300000| Untracked 
|  32|0x0000000083400000, 0x0000000083400000, 0x0000000083500000|  0%| F|  |TAMS 0x0000000083400000, 0x0000000083400000| Untracked 
|  33|0x0000000083500000, 0x0000000083500000, 0x0000000083600000|  0%| F|  |TAMS 0x0000000083500000, 0x0000000083500000| Untracked 
|  34|0x0000000083600000, 0x0000000083600000, 0x0000000083700000|  0%| F|  |TAMS 0x0000000083600000, 0x0000000083600000| Untracked 
|  35|0x0000000083700000, 0x0000000083700000, 0x0000000083800000|  0%| F|  |TAMS 0x0000000083700000, 0x0000000083700000| Untracked 
|  36|0x0000000083800000, 0x0000000083800000, 0x0000000083900000|  0%| F|  |TAMS 0x0000000083800000, 0x0000000083800000| Untracked 
|  37|0x0000000083900000, 0x0000000083900000, 0x0000000083a00000|  0%| F|  |TAMS 0x0000000083900000, 0x0000000083900000| Untracked 
|  38|0x0000000083a00000, 0x0000000083a00000, 0x0000000083b00000|  0%| F|  |TAMS 0x0000000083a00000, 0x0000000083a00000| Untracked 
|  39|0x0000000083b00000, 0x0000000083b00000, 0x0000000083c00000|  0%| F|  |TAMS 0x0000000083b00000, 0x0000000083b00000| Untracked 
|  40|0x0000000083c00000, 0x0000000083c00000, 0x0000000083d00000|  0%| F|  |TAMS 0x0000000083c00000, 0x0000000083c00000| Untracked 
|  41|0x0000000083d00000, 0x0000000083d00000, 0x0000000083e00000|  0%| F|  |TAMS 0x0000000083d00000, 0x0000000083d00000| Untracked 
|  42|0x0000000083e00000, 0x0000000083e00000, 0x0000000083f00000|  0%| F|  |TAMS 0x0000000083e00000, 0x0000000083e00000| Untracked 
|  43|0x0000000083f00000, 0x0000000083f00000, 0x0000000084000000|  0%| F|  |TAMS 0x0000000083f00000, 0x0000000083f00000| Untracked 
|  44|0x0000000084000000, 0x0000000084000000, 0x0000000084100000|  0%| F|  |TAMS 0x0000000084000000, 0x0000000084000000| Untracked 
|  45|0x0000000084100000, 0x0000000084100000, 0x0000000084200000|  0%| F|  |TAMS 0x0000000084100000, 0x0000000084100000| Untracked 
|  46|0x0000000084200000, 0x0000000084200000, 0x0000000084300000|  0%| F|  |TAMS 0x0000000084200000, 0x0000000084200000| Untracked 
|  47|0x0000000084300000, 0x0000000084300000, 0x0000000084400000|  0%| F|  |TAMS 0x0000000084300000, 0x0000000084300000| Untracked 
|  48|0x0000000084400000, 0x0000000084400000, 0x0000000084500000|  0%| F|  |TAMS 0x0000000084400000, 0x0000000084400000| Untracked 
|  49|0x0000000084500000, 0x0000000084500000, 0x0000000084600000|  0%| F|  |TAMS 0x0000000084500000, 0x0000000084500000| Untracked 
|  50|0x0000000084600000, 0x0000000084600000, 0x0000000084700000|  0%| F|  |TAMS 0x0000000084600000, 0x0000000084600000| Untracked 
|  51|0x0000000084700000, 0x0000000084700000, 0x0000000084800000|  0%| F|  |TAMS 0x0000000084700000, 0x0000000084700000| Untracked 
|  52|0x0000000084800000, 0x0000000084800000, 0x0000000084900000|  0%| F|  |TAMS 0x0000000084800000, 0x0000000084800000| Untracked 
|  53|0x0000000084900000, 0x0000000084900000, 0x0000000084a00000|  0%| F|  |TAMS 0x0000000084900000, 0x0000000084900000| Untracked 
|  54|0x0000000084a00000, 0x0000000084a00000, 0x0000000084b00000|  0%| F|  |TAMS 0x0000000084a00000, 0x0000000084a00000| Untracked 
|  55|0x0000000084b00000, 0x0000000084b00000, 0x0000000084c00000|  0%| F|  |TAMS 0x0000000084b00000, 0x0000000084b00000| Untracked 
|  56|0x0000000084c00000, 0x0000000084c00000, 0x0000000084d00000|  0%| F|  |TAMS 0x0000000084c00000, 0x0000000084c00000| Untracked 
|  57|0x0000000084d00000, 0x0000000084d00000, 0x0000000084e00000|  0%| F|  |TAMS 0x0000000084d00000, 0x0000000084d00000| Untracked 
|  58|0x0000000084e00000, 0x0000000084e00000, 0x0000000084f00000|  0%| F|  |TAMS 0x0000000084e00000, 0x0000000084e00000| Untracked 
|  59|0x0000000084f00000, 0x0000000084f00000, 0x0000000085000000|  0%| F|  |TAMS 0x0000000084f00000, 0x0000000084f00000| Untracked 
|  60|0x0000000085000000, 0x0000000085000000, 0x0000000085100000|  0%| F|  |TAMS 0x0000000085000000, 0x0000000085000000| Untracked 
|  61|0x0000000085100000, 0x0000000085100000, 0x0000000085200000|  0%| F|  |TAMS 0x0000000085100000, 0x0000000085100000| Untracked 
|  62|0x0000000085200000, 0x0000000085200000, 0x0000000085300000|  0%| F|  |TAMS 0x0000000085200000, 0x0000000085200000| Untracked 
|  63|0x0000000085300000, 0x0000000085300000, 0x0000000085400000|  0%| F|  |TAMS 0x0000000085300000, 0x0000000085300000| Untracked 
|  64|0x0000000085400000, 0x0000000085400000, 0x0000000085500000|  0%| F|  |TAMS 0x0000000085400000, 0x0000000085400000| Untracked 
|  65|0x0000000085500000, 0x0000000085500000, 0x0000000085600000|  0%| F|  |TAMS 0x0000000085500000, 0x0000000085500000| Untracked 
|  66|0x0000000085600000, 0x0000000085600000, 0x0000000085700000|  0%| F|  |TAMS 0x0000000085600000, 0x0000000085600000| Untracked 
|  67|0x0000000085700000, 0x0000000085700000, 0x0000000085800000|  0%| F|  |TAMS 0x0000000085700000, 0x0000000085700000| Untracked 
|  68|0x0000000085800000, 0x0000000085800000, 0x0000000085900000|  0%| F|  |TAMS 0x0000000085800000, 0x0000000085800000| Untracked 
|  69|0x0000000085900000, 0x0000000085900000, 0x0000000085a00000|  0%| F|  |TAMS 0x0000000085900000, 0x0000000085900000| Untracked 
|  70|0x0000000085a00000, 0x0000000085a00000, 0x0000000085b00000|  0%| F|  |TAMS 0x0000000085a00000, 0x0000000085a00000| Untracked 
|  71|0x0000000085b00000, 0x0000000085b00000, 0x0000000085c00000|  0%| F|  |TAMS 0x0000000085b00000, 0x0000000085b00000| Untracked 
|  72|0x0000000085c00000, 0x0000000085c00000, 0x0000000085d00000|  0%| F|  |TAMS 0x0000000085c00000, 0x0000000085c00000| Untracked 
|  73|0x0000000085d00000, 0x0000000085d00000, 0x0000000085e00000|  0%| F|  |TAMS 0x0000000085d00000, 0x0000000085d00000| Untracked 
|  74|0x0000000085e00000, 0x0000000085f00000, 0x0000000085f00000|100%| E|  |TAMS 0x0000000085e00000, 0x0000000085e00000| Complete 
|  75|0x0000000085f00000, 0x0000000086000000, 0x0000000086000000|100%| E|CS|TAMS 0x0000000085f00000, 0x0000000085f00000| Complete 
|  76|0x0000000086000000, 0x0000000086100000, 0x0000000086100000|100%| E|CS|TAMS 0x0000000086000000, 0x0000000086000000| Complete 
|  77|0x0000000086100000, 0x0000000086200000, 0x0000000086200000|100%| E|CS|TAMS 0x0000000086100000, 0x0000000086100000| Complete 
|  78|0x0000000086200000, 0x0000000086300000, 0x0000000086300000|100%| E|CS|TAMS 0x0000000086200000, 0x0000000086200000| Complete 
|  79|0x0000000086300000, 0x0000000086400000, 0x0000000086400000|100%| E|CS|TAMS 0x0000000086300000, 0x0000000086300000| Complete 
|  80|0x0000000086400000, 0x0000000086500000, 0x0000000086500000|100%| E|CS|TAMS 0x0000000086400000, 0x0000000086400000| Complete 
|  81|0x0000000086500000, 0x0000000086600000, 0x0000000086600000|100%| E|CS|TAMS 0x0000000086500000, 0x0000000086500000| Complete 
|  82|0x0000000086600000, 0x0000000086700000, 0x0000000086700000|100%| E|CS|TAMS 0x0000000086600000, 0x0000000086600000| Complete 
|  83|0x0000000086700000, 0x0000000086800000, 0x0000000086800000|100%| E|CS|TAMS 0x0000000086700000, 0x0000000086700000| Complete 
|  84|0x0000000086800000, 0x0000000086900000, 0x0000000086900000|100%| E|CS|TAMS 0x0000000086800000, 0x0000000086800000| Complete 
|  85|0x0000000086900000, 0x0000000086a00000, 0x0000000086a00000|100%| E|CS|TAMS 0x0000000086900000, 0x0000000086900000| Complete 
|  86|0x0000000086a00000, 0x0000000086b00000, 0x0000000086b00000|100%| E|CS|TAMS 0x0000000086a00000, 0x0000000086a00000| Complete 
|  87|0x0000000086b00000, 0x0000000086c00000, 0x0000000086c00000|100%| E|CS|TAMS 0x0000000086b00000, 0x0000000086b00000| Complete 
|  88|0x0000000086c00000, 0x0000000086d00000, 0x0000000086d00000|100%| E|CS|TAMS 0x0000000086c00000, 0x0000000086c00000| Complete 
|  89|0x0000000086d00000, 0x0000000086e00000, 0x0000000086e00000|100%| E|CS|TAMS 0x0000000086d00000, 0x0000000086d00000| Complete 
|  90|0x0000000086e00000, 0x0000000086f00000, 0x0000000086f00000|100%| E|CS|TAMS 0x0000000086e00000, 0x0000000086e00000| Complete 
|  91|0x0000000086f00000, 0x0000000087000000, 0x0000000087000000|100%| E|CS|TAMS 0x0000000086f00000, 0x0000000086f00000| Complete 
|  92|0x0000000087000000, 0x0000000087100000, 0x0000000087100000|100%| E|CS|TAMS 0x0000000087000000, 0x0000000087000000| Complete 
|  93|0x0000000087100000, 0x0000000087200000, 0x0000000087200000|100%| E|CS|TAMS 0x0000000087100000, 0x0000000087100000| Complete 
|  94|0x0000000087200000, 0x0000000087300000, 0x0000000087300000|100%| E|CS|TAMS 0x0000000087200000, 0x0000000087200000| Complete 
|  95|0x0000000087300000, 0x0000000087400000, 0x0000000087400000|100%| E|CS|TAMS 0x0000000087300000, 0x0000000087300000| Complete 
|  96|0x0000000087400000, 0x0000000087427100, 0x0000000087500000| 15%| S|CS|TAMS 0x0000000087400000, 0x0000000087400000| Complete 
|  97|0x0000000087500000, 0x0000000087600000, 0x0000000087600000|100%| S|CS|TAMS 0x0000000087500000, 0x0000000087500000| Complete 
|  98|0x0000000087600000, 0x0000000087700000, 0x0000000087700000|100%| E|CS|TAMS 0x0000000087600000, 0x0000000087600000| Complete 
|  99|0x0000000087700000, 0x0000000087800000, 0x0000000087800000|100%| E|CS|TAMS 0x0000000087700000, 0x0000000087700000| Complete 
| 100|0x0000000087800000, 0x0000000087900000, 0x0000000087900000|100%| E|CS|TAMS 0x0000000087800000, 0x0000000087800000| Complete 
| 101|0x0000000087900000, 0x0000000087a00000, 0x0000000087a00000|100%| E|CS|TAMS 0x0000000087900000, 0x0000000087900000| Complete 
| 102|0x0000000087a00000, 0x0000000087b00000, 0x0000000087b00000|100%| E|CS|TAMS 0x0000000087a00000, 0x0000000087a00000| Complete 
| 103|0x0000000087b00000, 0x0000000087c00000, 0x0000000087c00000|100%| E|CS|TAMS 0x0000000087b00000, 0x0000000087b00000| Complete 
| 104|0x0000000087c00000, 0x0000000087d00000, 0x0000000087d00000|100%| E|CS|TAMS 0x0000000087c00000, 0x0000000087c00000| Complete 
| 105|0x0000000087d00000, 0x0000000087e00000, 0x0000000087e00000|100%| E|CS|TAMS 0x0000000087d00000, 0x0000000087d00000| Complete 
| 106|0x0000000087e00000, 0x0000000087f00000, 0x0000000087f00000|100%| E|CS|TAMS 0x0000000087e00000, 0x0000000087e00000| Complete 
| 107|0x0000000087f00000, 0x0000000088000000, 0x0000000088000000|100%| E|CS|TAMS 0x0000000087f00000, 0x0000000087f00000| Complete 
| 108|0x0000000088000000, 0x0000000088100000, 0x0000000088100000|100%| E|  |TAMS 0x0000000088000000, 0x0000000088000000| Complete 
| 109|0x0000000088100000, 0x0000000088200000, 0x0000000088200000|100%| E|CS|TAMS 0x0000000088100000, 0x0000000088100000| Complete 
| 110|0x0000000088200000, 0x0000000088300000, 0x0000000088300000|100%| E|CS|TAMS 0x0000000088200000, 0x0000000088200000| Complete 
| 111|0x0000000088300000, 0x0000000088400000, 0x0000000088400000|100%| E|CS|TAMS 0x0000000088300000, 0x0000000088300000| Complete 
| 112|0x0000000088400000, 0x0000000088500000, 0x0000000088500000|100%| E|CS|TAMS 0x0000000088400000, 0x0000000088400000| Complete 
| 113|0x0000000088500000, 0x0000000088600000, 0x0000000088600000|100%| E|CS|TAMS 0x0000000088500000, 0x0000000088500000| Complete 
| 114|0x0000000088600000, 0x0000000088700000, 0x0000000088700000|100%| E|CS|TAMS 0x0000000088600000, 0x0000000088600000| Complete 
| 115|0x0000000088700000, 0x0000000088800000, 0x0000000088800000|100%| E|CS|TAMS 0x0000000088700000, 0x0000000088700000| Complete 
| 116|0x0000000088800000, 0x0000000088900000, 0x0000000088900000|100%| E|CS|TAMS 0x0000000088800000, 0x0000000088800000| Complete 
| 117|0x0000000088900000, 0x0000000088a00000, 0x0000000088a00000|100%| E|CS|TAMS 0x0000000088900000, 0x0000000088900000| Complete 
| 118|0x0000000088a00000, 0x0000000088b00000, 0x0000000088b00000|100%| E|CS|TAMS 0x0000000088a00000, 0x0000000088a00000| Complete 
| 119|0x0000000088b00000, 0x0000000088c00000, 0x0000000088c00000|100%| E|CS|TAMS 0x0000000088b00000, 0x0000000088b00000| Complete 
| 120|0x0000000088c00000, 0x0000000088d00000, 0x0000000088d00000|100%| E|CS|TAMS 0x0000000088c00000, 0x0000000088c00000| Complete 
| 121|0x0000000088d00000, 0x0000000088e00000, 0x0000000088e00000|100%| E|CS|TAMS 0x0000000088d00000, 0x0000000088d00000| Complete 
| 122|0x0000000088e00000, 0x0000000088f00000, 0x0000000088f00000|100%| E|CS|TAMS 0x0000000088e00000, 0x0000000088e00000| Complete 
| 123|0x0000000088f00000, 0x0000000089000000, 0x0000000089000000|100%| E|CS|TAMS 0x0000000088f00000, 0x0000000088f00000| Complete 
| 124|0x0000000089000000, 0x0000000089100000, 0x0000000089100000|100%| E|CS|TAMS 0x0000000089000000, 0x0000000089000000| Complete 
| 125|0x0000000089100000, 0x0000000089200000, 0x0000000089200000|100%| E|CS|TAMS 0x0000000089100000, 0x0000000089100000| Complete 
| 126|0x0000000089200000, 0x0000000089300000, 0x0000000089300000|100%| E|CS|TAMS 0x0000000089200000, 0x0000000089200000| Complete 
| 127|0x0000000089300000, 0x0000000089400000, 0x0000000089400000|100%| E|CS|TAMS 0x0000000089300000, 0x0000000089300000| Complete 

Card table byte_map: [0x00000208342c0000,0x00000208346c0000] _byte_map_base: 0x0000020833eb6000

Marking Bits (Prev, Next): (CMBitMap*) 0x000002081a817ba0, (CMBitMap*) 0x000002081a817be0
 Prev Bits: [0x0000020834ac0000, 0x0000020836a70000)
 Next Bits: [0x0000020836a70000, 0x0000020838a20000)

Polling page: 0x000002081a610000

Metaspace:

Usage:
  Non-class:     16.51 MB capacity,    16.35 MB (>99%) used,   143.02 KB ( <1%) free+waste,    21.25 KB ( <1%) overhead. 
      Class:      2.12 MB capacity,     2.01 MB ( 95%) used,    98.80 KB (  5%) free+waste,     8.13 KB ( <1%) overhead. 
       Both:     18.62 MB capacity,    18.36 MB ( 99%) used,   241.82 KB (  1%) free+waste,    29.38 KB ( <1%) overhead. 

Virtual space:
  Non-class space:       18.00 MB reserved,      16.75 MB ( 93%) committed 
      Class space:        1.00 GB reserved,       2.13 MB ( <1%) committed 
             Both:        1.02 GB reserved,      18.88 MB (  2%) committed 

Chunk freelists:
   Non-Class:  57.00 KB
       Class:  8.00 KB
        Both:  65.00 KB

MaxMetaspaceSize: 17179869184.00 GB
CompressedClassSpaceSize: 1.00 GB

CodeHeap 'non-profiled nmethods': size=120000Kb used=832Kb max_used=832Kb free=119167Kb
 bounds [0x000002082bf30000, 0x000002082c1a0000, 0x0000020833460000]
CodeHeap 'profiled nmethods': size=120000Kb used=3028Kb max_used=3028Kb free=116971Kb
 bounds [0x0000020824a00000, 0x0000020824d00000, 0x000002082bf30000]
CodeHeap 'non-nmethods': size=5760Kb used=1611Kb max_used=1639Kb free=4148Kb
 bounds [0x0000020824460000, 0x00000208246d0000, 0x0000020824a00000]
 total_blobs=2699 nmethods=1701 adapters=910
 compilation: enabled
              stopped_count=0, restarted_count=0
 full_count=0

Compilation events (20 events):
Event: 2.168 Thread 0x000002083b523020 nmethod 1691 0x0000020824cf2210 code [0x0000020824cf2440, 0x0000020824cf2cf8]
Event: 2.168 Thread 0x000002083b523020 1692       3       java.util.concurrent.TimeUnit::toMillis (69 bytes)
Event: 2.169 Thread 0x000002083b523020 nmethod 1692 0x0000020824cf2f90 code [0x0000020824cf3140, 0x0000020824cf33f8]
Event: 2.176 Thread 0x000002083b523020 1693       3       java.util.Formatter$Flags::contains (22 bytes)
Event: 2.176 Thread 0x000002083b523020 nmethod 1693 0x0000020824cf3490 code [0x0000020824cf3640, 0x0000020824cf37f8]
Event: 2.178 Thread 0x000002083b523020 1694       3       java.nio.Buffer::remaining (20 bytes)
Event: 2.178 Thread 0x000002083b523020 nmethod 1694 0x0000020824cf3890 code [0x0000020824cf3a20, 0x0000020824cf3b78]
Event: 2.178 Thread 0x000002083b523020 1695       3       java.nio.ByteOrder::nativeOrder (4 bytes)
Event: 2.178 Thread 0x000002083b523020 nmethod 1695 0x0000020824cf3c10 code [0x0000020824cf3da0, 0x0000020824cf3e98]
Event: 2.178 Thread 0x000002083b515050 nmethod 1673 0x000002082bffc110 code [0x000002082bffc3a0, 0x000002082bffe380]
Event: 2.179 Thread 0x000002083b523020 1698       3       sun.misc.Unsafe::putInt (11 bytes)
Event: 2.179 Thread 0x000002083b523020 nmethod 1698 0x0000020824cf3f10 code [0x0000020824cf40a0, 0x0000020824cf4198]
Event: 2.179 Thread 0x000002083b523020 1697       3       java.lang.Integer::toUnsignedLong (7 bytes)
Event: 2.179 Thread 0x000002083b523020 nmethod 1697 0x0000020824cf4210 code [0x0000020824cf43a0, 0x0000020824cf4498]
Event: 2.179 Thread 0x000002083b523020 1699       3       org.lwjgl.system.MemoryUtil::encodeASCII (66 bytes)
Event: 2.179 Thread 0x000002083b523020 nmethod 1699 0x0000020824cf4510 code [0x0000020824cf4700, 0x0000020824cf4c98]
Event: 2.179 Thread 0x000002083b523020 1700       1       org.lwjgl.system.Pointer$Default::address (5 bytes)
Event: 2.180 Thread 0x000002083b523020 nmethod 1700 0x000002082bfffa10 code [0x000002082bfffba0, 0x000002082bfffc58]
Event: 2.206 Thread 0x000002083b523020 1702       3       java.nio.charset.CoderResult::isUnderflow (13 bytes)
Event: 2.206 Thread 0x000002083b523020 nmethod 1702 0x0000020824cf4f10 code [0x0000020824cf50a0, 0x0000020824cf51f8]

GC Heap History (4 events):
Event: 0.701 GC heap before
{Heap before GC invocations=0 (full 0):
 garbage-first heap   total 131072K, used 26624K [0x0000000081400000, 0x0000000100000000)
  region size 1024K, 23 young (23552K), 0 survivors (0K)
 Metaspace       used 3566K, capacity 5971K, committed 6272K, reserved 1056768K
  class space    used 358K, capacity 561K, committed 640K, reserved 1048576K
}
Event: 0.705 GC heap after
{Heap after GC invocations=1 (full 0):
 garbage-first heap   total 131072K, used 10667K [0x0000000081400000, 0x0000000100000000)
  region size 1024K, 3 young (3072K), 3 survivors (3072K)
 Metaspace       used 3566K, capacity 5971K, committed 6272K, reserved 1056768K
  class space    used 358K, capacity 561K, committed 640K, reserved 1048576K
}
Event: 0.996 GC heap before
{Heap before GC invocations=1 (full 0):
 garbage-first heap   total 131072K, used 37291K [0x0000000081400000, 0x0000000100000000)
  region size 1024K, 30 young (30720K), 3 survivors (3072K)
 Metaspace       used 6081K, capacity 7933K, committed 8064K, reserved 1056768K
  class space    used 663K, capacity 829K, committed 896K, reserved 1048576K
}
Event: 0.999 GC heap after
{Heap after GC invocations=2 (full 0):
 garbage-first heap   total 131072K, used 11917K [0x0000000081400000, 0x0000000100000000)
  region size 1024K, 2 young (2048K), 2 survivors (2048K)
 Metaspace       used 6081K, capacity 7933K, committed 8064K, reserved 1056768K
  class space    used 663K, capacity 829K, committed 896K, reserved 1048576K
}

Deoptimization events (20 events):
Event: 1.728 Thread 0x000002083c21da00 Uncommon trap: trap_request=0xffffff45 fr.pc=0x000002082bf3f3a8 relative=0x0000000000000188
Event: 1.728 Thread 0x000002083c21da00 Uncommon trap: reason=unstable_if action=reinterpret pc=0x000002082bf3f3a8 method=java.lang.String.equals(Ljava/lang/Object;)Z @ 33 c2
Event: 1.728 Thread 0x000002083c21da00 DEOPT PACKING pc=0x000002082bf3f3a8 sp=0x0000009952ffd970
Event: 1.728 Thread 0x000002083c21da00 DEOPT UNPACKING pc=0x00000208244ae42f sp=0x0000009952ffd910 mode 2
Event: 1.732 Thread 0x000002083c21da00 Uncommon trap: trap_request=0xffffff45 fr.pc=0x000002082bf92430 relative=0x0000000000000090
Event: 1.732 Thread 0x000002083c21da00 Uncommon trap: reason=unstable_if action=reinterpret pc=0x000002082bf92430 method=sun.reflect.generics.parser.SignatureParser.current()C @ 39 c2
Event: 1.732 Thread 0x000002083c21da00 DEOPT PACKING pc=0x000002082bf92430 sp=0x0000009952ffcb30
Event: 1.732 Thread 0x000002083c21da00 DEOPT UNPACKING pc=0x00000208244ae42f sp=0x0000009952ffcac8 mode 2
Event: 1.755 Thread 0x000002083c21da00 Uncommon trap: trap_request=0xffffff45 fr.pc=0x000002082bf7c874 relative=0x0000000000000454
Event: 1.755 Thread 0x000002083c21da00 Uncommon trap: reason=unstable_if action=reinterpret pc=0x000002082bf7c874 method=java.lang.String.substring(II)Ljava/lang/String; @ 31 c2
Event: 1.755 Thread 0x000002083c21da00 DEOPT PACKING pc=0x000002082bf7c874 sp=0x0000009952ffd920
Event: 1.756 Thread 0x000002083c21da00 DEOPT UNPACKING pc=0x00000208244ae42f sp=0x0000009952ffd8f0 mode 2
Event: 1.765 Thread 0x000002083c21da00 Uncommon trap: trap_request=0xffffff45 fr.pc=0x000002082bfaead4 relative=0x00000000000001d4
Event: 1.765 Thread 0x000002083c21da00 Uncommon trap: reason=unstable_if action=reinterpret pc=0x000002082bfaead4 method=java.lang.String.indexOf(Ljava/lang/String;)I @ 10 c2
Event: 1.765 Thread 0x000002083c21da00 DEOPT PACKING pc=0x000002082bfaead4 sp=0x0000009952ffcc20
Event: 1.765 Thread 0x000002083c21da00 DEOPT UNPACKING pc=0x00000208244ae42f sp=0x0000009952ffcbc0 mode 2
Event: 2.090 Thread 0x000002083c21da00 Uncommon trap: trap_request=0xffffff45 fr.pc=0x000002082bf7607c relative=0x000000000000311c
Event: 2.090 Thread 0x000002083c21da00 Uncommon trap: reason=unstable_if action=reinterpret pc=0x000002082bf7607c method=java.util.jar.JarFile.getVersionedEntry(Ljava/lang/String;Ljava/util/jar/JarEntry;)Ljava/util/jar/JarEntry; @ 26 c2
Event: 2.090 Thread 0x000002083c21da00 DEOPT PACKING pc=0x000002082bf7607c sp=0x0000009952ffabf0
Event: 2.090 Thread 0x000002083c21da00 DEOPT UNPACKING pc=0x00000208244ae42f sp=0x0000009952ffabc0 mode 2

Classes unloaded (0 events):
No events

Classes redefined (0 events):
No events

Internal exceptions (20 events):
Event: 1.217 Thread 0x000002083c21da00 Implicit null exception at 0x000002082bf7e733 to 0x000002082bf7eb90
Event: 1.217 Thread 0x000002083c21da00 Implicit null exception at 0x000002082bf99de0 to 0x000002082bf9b1b5
Event: 1.217 Thread 0x000002083c21da00 Implicit null exception at 0x000002082bf7dcae to 0x000002082bf7e128
Event: 1.292 Thread 0x000002083c21da00 Exception <a 'java/lang/NoSuchMethodError'{0x0000000088585820}: 'java.lang.Object java.lang.invoke.Invokers$Holder.invokeExact_MT(java.lang.Object, java.lang.Object, java.lang.Object, java.lang.Object, java.lang.Object, java.lang.Object)'> (0x0000000088585820) 
thrown [./src/hotspot/share/interpreter/linkResolver.cpp, line 782]
Event: 1.722 Thread 0x000002083c21da00 Exception <a 'java/lang/NoSuchMethodError'{0x0000000086a74e68}: 'java.lang.Object java.lang.invoke.DirectMethodHandle$Holder.newInvokeSpecial(java.lang.Object, java.lang.Object, java.lang.Object, java.lang.Object, java.lang.Object)'> (0x0000000086a74e68) 
thrown [./src/hotspot/share/interpreter/linkResolver.cpp, line 782]
Event: 1.833 Thread 0x000002083c21da00 Exception <a 'java/lang/NoSuchMethodError'{0x000000008687f6e0}: 'int java.lang.invoke.DirectMethodHandle$Holder.invokeInterface(java.lang.Object, java.lang.Object)'> (0x000000008687f6e0) 
thrown [./src/hotspot/share/interpreter/linkResolver.cpp, line 782]
Event: 1.834 Thread 0x000002083c21da00 Exception <a 'java/lang/IncompatibleClassChangeError'{0x00000000868832e8}: Found class java.lang.Object, but interface was expected> (0x00000000868832e8) 
thrown [./src/hotspot/share/interpreter/linkResolver.cpp, line 848]
Event: 1.931 Thread 0x000002083c21da00 Exception <a 'java/lang/NoSuchMethodError'{0x00000000867d6080}: 'void java.lang.invoke.DirectMethodHandle$Holder.invokeStatic(java.lang.Object, java.lang.Object, java.lang.Object)'> (0x00000000867d6080) 
thrown [./src/hotspot/share/interpreter/linkResolver.cpp, line 782]
Event: 1.964 Thread 0x000002083c21da00 Exception <a 'java/lang/NoSuchMethodError'{0x0000000086421c40}: 'org.slf4j.impl.StaticMarkerBinder org.slf4j.impl.StaticMarkerBinder.getSingleton()'> (0x0000000086421c40) 
thrown [./src/hotspot/share/interpreter/linkResolver.cpp, line 782]
Event: 2.044 Thread 0x000002083c21da00 Exception <a 'java/lang/NoSuchMethodError'{0x00000000862e88c0}: 'void java.lang.invoke.DirectMethodHandle$Holder.invokeStatic(java.lang.Object, int, long)'> (0x00000000862e88c0) 
thrown [./src/hotspot/share/interpreter/linkResolver.cpp, line 782]
Event: 2.044 Thread 0x000002083c21e350 Exception <a 'java/lang/NoSuchMethodError'{0x0000000086024be0}: 'void java.lang.invoke.DirectMethodHandle$Holder.invokeStatic(java.lang.Object, int, long)'> (0x0000000086024be0) 
thrown [./src/hotspot/share/interpreter/linkResolver.cpp, line 782]
Event: 2.067 Thread 0x000002083c21da00 Exception <a 'java/lang/NoSuchMethodError'{0x0000000085f45eb0}: 'java.lang.Object java.lang.invoke.DirectMethodHandle$Holder.invokeStatic(java.lang.Object, java.lang.Object, int)'> (0x0000000085f45eb0) 
thrown [./src/hotspot/share/interpreter/linkResolver.cpp, line 782]
Event: 2.068 Thread 0x000002083c21da00 Exception <a 'java/lang/NoSuchMethodError'{0x0000000085f51ef0}: 'void java.lang.invoke.DelegatingMethodHandle$Holder.delegate(java.lang.Object, java.lang.Object, int, java.lang.Object)'> (0x0000000085f51ef0) 
thrown [./src/hotspot/share/interpreter/linkResolver.cpp, line 782]
Event: 2.108 Thread 0x000002083c21da00 Exception <a 'sun/nio/fs/WindowsException'{0x0000000085fbf148}> (0x0000000085fbf148) 
thrown [./src/hotspot/share/prims/jni.cpp, line 578]
Event: 2.108 Thread 0x000002083c21da00 Exception <a 'sun/nio/fs/WindowsException'{0x0000000085fbf6c8}> (0x0000000085fbf6c8) 
thrown [./src/hotspot/share/prims/jni.cpp, line 578]
Event: 2.142 Thread 0x000002083c21da00 Exception <a 'sun/nio/fs/WindowsException'{0x0000000085e31788}> (0x0000000085e31788) 
thrown [./src/hotspot/share/prims/jni.cpp, line 578]
Event: 2.142 Thread 0x000002083c21da00 Exception <a 'sun/nio/fs/WindowsException'{0x0000000085e31b48}> (0x0000000085e31b48) 
thrown [./src/hotspot/share/prims/jni.cpp, line 578]
Event: 2.173 Thread 0x000002083c21da00 Exception <a 'sun/nio/fs/WindowsException'{0x0000000085eb7a28}> (0x0000000085eb7a28) 
thrown [./src/hotspot/share/prims/jni.cpp, line 578]
Event: 2.173 Thread 0x000002083c21da00 Exception <a 'sun/nio/fs/WindowsException'{0x0000000085eb7db8}> (0x0000000085eb7db8) 
thrown [./src/hotspot/share/prims/jni.cpp, line 578]
Event: 2.198 Thread 0x000002083c21da00 Exception <a 'java/lang/reflect/InvocationTargetException'{0x0000000085ec8968}> (0x0000000085ec8968) 
thrown [./src/hotspot/share/runtime/reflection.cpp, line 1157]

Events (20 events):
Event: 2.112 loading class java/nio/DirectDoubleBufferU
Event: 2.113 loading class java/nio/DirectDoubleBufferU done
Event: 2.113 loading class sun/misc/Unsafe
Event: 2.113 loading class sun/misc/Unsafe done
Event: 2.119 loading class java/math/MutableBigInteger
Event: 2.119 loading class java/math/MutableBigInteger done
Event: 2.120 loading class java/nio/BufferOverflowException
Event: 2.120 loading class java/nio/BufferOverflowException done
Event: 2.120 loading class java/nio/InvalidMarkException
Event: 2.120 loading class java/nio/InvalidMarkException done
Event: 2.120 loading class java/nio/BufferUnderflowException
Event: 2.120 loading class java/nio/BufferUnderflowException done
Event: 2.202 loading class java/util/concurrent/CancellationException
Event: 2.202 loading class java/util/concurrent/CancellationException done
Event: 2.204 Loaded shared library C:\Program Files\AdoptOpenJDK\jdk-15.0.2.7-hotspot\bin\java.dll
Event: 2.205 loading class java/lang/Throwable$WrappedPrintStream
Event: 2.205 loading class java/lang/Throwable$PrintStreamOrWriter
Event: 2.205 loading class java/lang/Throwable$PrintStreamOrWriter done
Event: 2.205 loading class java/lang/Throwable$WrappedPrintStream done
Event: 2.206 Thread 0x000002083c21da00 Thread exited: 0x000002083c21da00


Dynamic libraries:
0x00007ff76ee90000 - 0x00007ff76ee9d000 	C:\Program Files\AdoptOpenJDK\jdk-15.0.2.7-hotspot\bin\java.exe
0x00007ffe6f1a0000 - 0x00007ffe6f390000 	C:\WINDOWS\SYSTEM32\ntdll.dll
0x00007ffe6ef50000 - 0x00007ffe6f002000 	C:\WINDOWS\System32\KERNEL32.DLL
0x00007ffe6c530000 - 0x00007ffe6c7d6000 	C:\WINDOWS\System32\KERNELBASE.dll
0x00007ffe6c850000 - 0x00007ffe6c94a000 	C:\WINDOWS\System32\ucrtbase.dll
0x00007ffe38c50000 - 0x00007ffe38c68000 	C:\Program Files\AdoptOpenJDK\jdk-15.0.2.7-hotspot\bin\jli.dll
0x00007ffe39d70000 - 0x00007ffe39d85000 	C:\Program Files\AdoptOpenJDK\jdk-15.0.2.7-hotspot\bin\VCRUNTIME140.dll
0x00007ffe6e060000 - 0x00007ffe6e1f4000 	C:\WINDOWS\System32\USER32.dll
0x00007ffe6c2d0000 - 0x00007ffe6c2f1000 	C:\WINDOWS\System32\win32u.dll
0x00007ffe6e4d0000 - 0x00007ffe6e4f6000 	C:\WINDOWS\System32\GDI32.dll
0x00007ffe60650000 - 0x00007ffe608d4000 	C:\WINDOWS\WinSxS\amd64_microsoft.windows.common-controls_6595b64144ccf1df_6.0.18362.1679_none_9e7ff347e45cc1b7\COMCTL32.dll
0x00007ffe6c300000 - 0x00007ffe6c498000 	C:\WINDOWS\System32\gdi32full.dll
0x00007ffe6e540000 - 0x00007ffe6e5de000 	C:\WINDOWS\System32\msvcrt.dll
0x00007ffe6d1b0000 - 0x00007ffe6d24e000 	C:\WINDOWS\System32\msvcp_win.dll
0x00007ffe6d480000 - 0x00007ffe6d7b6000 	C:\WINDOWS\System32\combase.dll
0x00007ffe6e3b0000 - 0x00007ffe6e4cf000 	C:\WINDOWS\System32\RPCRT4.dll
0x00007ffe6c4a0000 - 0x00007ffe6c524000 	C:\WINDOWS\System32\bcryptPrimitives.dll
0x00007ffe6d3a0000 - 0x00007ffe6d3ce000 	C:\WINDOWS\System32\IMM32.DLL
0x00007ffe12070000 - 0x00007ffe1210b000 	C:\Program Files\AdoptOpenJDK\jdk-15.0.2.7-hotspot\bin\msvcp140.dll
0x00007ffdd50c0000 - 0x00007ffdd5c4f000 	C:\Program Files\AdoptOpenJDK\jdk-15.0.2.7-hotspot\bin\server\jvm.dll
0x00007ffe6d2f0000 - 0x00007ffe6d393000 	C:\WINDOWS\System32\ADVAPI32.dll
0x00007ffe6d250000 - 0x00007ffe6d2e7000 	C:\WINDOWS\System32\sechost.dll
0x00007ffe6f070000 - 0x00007ffe6f078000 	C:\WINDOWS\System32\PSAPI.DLL
0x00007ffe66350000 - 0x00007ffe6635a000 	C:\WINDOWS\SYSTEM32\VERSION.dll
0x00007ffe5e410000 - 0x00007ffe5e434000 	C:\WINDOWS\SYSTEM32\WINMM.dll
0x00007ffe4ca90000 - 0x00007ffe4ca99000 	C:\WINDOWS\SYSTEM32\WSOCK32.dll
0x00007ffe6e5e0000 - 0x00007ffe6e64f000 	C:\WINDOWS\System32\WS2_32.dll
0x00007ffe5e3e0000 - 0x00007ffe5e40d000 	C:\WINDOWS\SYSTEM32\WINMMBASE.dll
0x00007ffe6c7e0000 - 0x00007ffe6c82a000 	C:\WINDOWS\System32\cfgmgr32.dll
0x00007ffe6c060000 - 0x00007ffe6c071000 	C:\WINDOWS\System32\kernel.appcore.dll
0x00007ffe45240000 - 0x00007ffe4524a000 	C:\Program Files\AdoptOpenJDK\jdk-15.0.2.7-hotspot\bin\jimage.dll
0x00007ffe67330000 - 0x00007ffe67524000 	C:\WINDOWS\SYSTEM32\DBGHELP.DLL
0x00007ffe5d0e0000 - 0x00007ffe5d10a000 	C:\WINDOWS\SYSTEM32\dbgcore.DLL
0x00007ffe3d650000 - 0x00007ffe3d65e000 	C:\Program Files\AdoptOpenJDK\jdk-15.0.2.7-hotspot\bin\instrument.dll
0x00007ffe34960000 - 0x00007ffe34985000 	C:\Program Files\AdoptOpenJDK\jdk-15.0.2.7-hotspot\bin\java.dll
0x00007ffe6e700000 - 0x00007ffe6ede7000 	C:\WINDOWS\System32\SHELL32.dll
0x00007ffe6d3d0000 - 0x00007ffe6d479000 	C:\WINDOWS\System32\shcore.dll
0x00007ffe6c950000 - 0x00007ffe6d0cb000 	C:\WINDOWS\System32\windows.storage.dll
0x00007ffe6c0f0000 - 0x00007ffe6c10e000 	C:\WINDOWS\System32\profapi.dll
0x00007ffe6c080000 - 0x00007ffe6c0ca000 	C:\WINDOWS\System32\powrprof.dll
0x00007ffe6c050000 - 0x00007ffe6c060000 	C:\WINDOWS\System32\UMPDC.dll
0x00007ffe6dec0000 - 0x00007ffe6df12000 	C:\WINDOWS\System32\shlwapi.dll
0x00007ffe6c830000 - 0x00007ffe6c847000 	C:\WINDOWS\System32\cryptsp.dll
0x00007ffe38ad0000 - 0x00007ffe38ae8000 	C:\Program Files\AdoptOpenJDK\jdk-15.0.2.7-hotspot\bin\zip.dll
0x00007ffe34940000 - 0x00007ffe34959000 	C:\Program Files\AdoptOpenJDK\jdk-15.0.2.7-hotspot\bin\net.dll
0x00007ffe654f0000 - 0x00007ffe655e9000 	C:\WINDOWS\SYSTEM32\WINHTTP.dll
0x00007ffe6b840000 - 0x00007ffe6b8a7000 	C:\WINDOWS\system32\mswsock.dll
0x00007ffe31100000 - 0x00007ffe31112000 	C:\Program Files\AdoptOpenJDK\jdk-15.0.2.7-hotspot\bin\nio.dll
0x00007ffe302f0000 - 0x00007ffe3030a000 	C:\Program Files\JetBrains\IntelliJ IDEA 2020.2.3\bin\breakgen64.dll
0x00007ffe3d0d0000 - 0x00007ffe3d0e0000 	C:\Program Files\AdoptOpenJDK\jdk-15.0.2.7-hotspot\bin\verify.dll
0x00007ffe3cb70000 - 0x00007ffe3cb79000 	C:\Program Files\AdoptOpenJDK\jdk-15.0.2.7-hotspot\bin\management.dll
0x00007ffe3be90000 - 0x00007ffe3be9b000 	C:\Program Files\AdoptOpenJDK\jdk-15.0.2.7-hotspot\bin\management_ext.dll
0x00007ffe4bec0000 - 0x00007ffe4bed6000 	C:\WINDOWS\system32\napinsp.dll
0x00007ffe4bea0000 - 0x00007ffe4beba000 	C:\WINDOWS\system32\pnrpnsp.dll
0x00007ffe6b5a0000 - 0x00007ffe6b66a000 	C:\WINDOWS\SYSTEM32\DNSAPI.dll
0x00007ffe6e500000 - 0x00007ffe6e508000 	C:\WINDOWS\System32\NSI.dll
0x00007ffe6b560000 - 0x00007ffe6b59a000 	C:\WINDOWS\SYSTEM32\IPHLPAPI.DLL
0x00007ffe4be50000 - 0x00007ffe4be5e000 	C:\WINDOWS\System32\winrnr.dll
0x00007ffe67220000 - 0x00007ffe6723c000 	C:\WINDOWS\system32\NLAapi.dll
0x00007ffe69370000 - 0x00007ffe69385000 	C:\WINDOWS\system32\wshbth.dll
0x00007ffe64ab0000 - 0x00007ffe64aba000 	C:\Windows\System32\rasadhlp.dll
0x00007ffe68d20000 - 0x00007ffe68d97000 	C:\WINDOWS\System32\fwpuclnt.dll
0x00007ffe6d0d0000 - 0x00007ffe6d0f6000 	C:\WINDOWS\System32\bcrypt.dll
0x00007ffe121d0000 - 0x00007ffe12234000 	C:\Users\20182300\AppData\Local\Temp\lwjgl20182300\3.2.3-build-13\lwjgl.dll
0x00007ffe0f570000 - 0x00007ffe0f7c3000 	C:\Users\20182300\AppData\Local\Temp\lwjgl20182300\3.2.3-build-13\jemalloc.dll
0x00007ffe12000000 - 0x00007ffe12062000 	C:\Users\20182300\AppData\Local\Temp\lwjgl20182300\3.2.3-build-13\glfw.dll
0x00007ffe6a270000 - 0x00007ffe6a309000 	C:\WINDOWS\system32\uxtheme.dll
0x00007ffe117e0000 - 0x00007ffe11823000 	C:\WINDOWS\SYSTEM32\dinput8.dll
0x00007ffe302d0000 - 0x00007ffe302e1000 	C:\WINDOWS\SYSTEM32\xinput1_4.dll
0x00007ffe6be40000 - 0x00007ffe6be6a000 	C:\WINDOWS\SYSTEM32\DEVOBJ.dll
0x00007ffe6a770000 - 0x00007ffe6a79d000 	C:\WINDOWS\SYSTEM32\dwmapi.dll
0x00007ffe5b720000 - 0x00007ffe5b83b000 	C:\WINDOWS\SYSTEM32\inputhost.dll
0x00007ffe668c0000 - 0x00007ffe66994000 	C:\WINDOWS\SYSTEM32\CoreMessaging.dll
0x00007ffe69460000 - 0x00007ffe695b2000 	C:\WINDOWS\SYSTEM32\wintypes.dll
0x00007ffe69c60000 - 0x00007ffe69d4f000 	C:\WINDOWS\SYSTEM32\PROPSYS.dll
0x00007ffe5b3f0000 - 0x00007ffe5b71a000 	C:\WINDOWS\SYSTEM32\CoreUIComponents.dll
0x00007ffe6dd20000 - 0x00007ffe6dde5000 	C:\WINDOWS\System32\OLEAUT32.dll
0x00007ffe6afc0000 - 0x00007ffe6aff1000 	C:\WINDOWS\SYSTEM32\ntmarta.dll
0x00007ffe6df20000 - 0x00007ffe6e055000 	C:\WINDOWS\System32\MSCTF.dll
0x00007ffe6abf0000 - 0x00007ffe6abfe000 	C:\WINDOWS\SYSTEM32\HID.DLL
0x00007ffe6d7c0000 - 0x00007ffe6dc30000 	C:\WINDOWS\System32\SETUPAPI.DLL
0x00007ffe6c270000 - 0x00007ffe6c2cc000 	C:\WINDOWS\System32\WINTRUST.dll
0x00007ffe6c0d0000 - 0x00007ffe6c0e2000 	C:\WINDOWS\System32\MSASN1.dll
0x00007ffe6c110000 - 0x00007ffe6c261000 	C:\WINDOWS\System32\CRYPT32.dll

dbghelp: loaded successfully - version: 4.0.5 - missing functions: none
symbol engine: initialized successfully - sym options: 0x614 - pdb path: .;C:\Program Files\AdoptOpenJDK\jdk-15.0.2.7-hotspot\bin;C:\WINDOWS\SYSTEM32;C:\WINDOWS\WinSxS\amd64_microsoft.windows.common-controls_6595b64144ccf1df_6.0.18362.1679_none_9e7ff347e45cc1b7;C:\Program Files\AdoptOpenJDK\jdk-15.0.2.7-hotspot\bin\server;C:\Program Files\JetBrains\IntelliJ IDEA 2020.2.3\bin;C:\Users\20182300\AppData\Local\Temp\lwjgl20182300\3.2.3-build-13

VM Arguments:
jvm_args: -javaagent:C:\Program Files\JetBrains\IntelliJ IDEA 2020.2.3\lib\idea_rt.jar=55992:C:\Program Files\JetBrains\IntelliJ IDEA 2020.2.3\bin -Dfile.encoding=UTF-8 
java_command: current.AnnoyedKt
java_class_path (initial): C:\Users\20182300\OneDrive - TU Eindhoven\Documents\Coding\Kotlin\OpenRNDR\annulus\build\classes\kotlin\main;C:\Users\20182300\OneDrive - TU Eindhoven\Documents\Coding\Kotlin\OpenRNDR\annulus\build\resources\main;C:\Users\20182300\.gradle\caches\modules-2\files-2.1\org.scilab.forge\jlatexmath\1.0.7\cf9786b1d813a64a4ad04befc0dae48b9cde8edb\jlatexmath-1.0.7.jar;C:\Users\20182300\.gradle\caches\modules-2\files-2.1\com.guicedee.services\org.apache.fop\1.1.0.7-jre15\1c6fda23f7e044030667719ef3b64d58e15d2a26\org.apache.fop-1.1.0.7-jre15.jar;C:\Users\20182300\.m2\repository\org\openrndr\openrndr-ffmpeg\0.5.1-SNAPSHOT\openrndr-ffmpeg-0.5.1-SNAPSHOT.jar;C:\Users\20182300\.m2\repository\org\openrndr\extra\orx-boofcv\0.5.1-SNAPSHOT\orx-boofcv-0.5.1-SNAPSHOT.jar;C:\Users\20182300\.m2\repository\org\openrndr\extra\orx-glslify\0.5.1-SNAPSHOT\orx-glslify-0.5.1-SNAPSHOT.jar;C:\Users\20182300\.m2\repository\org\openrndr\extra\orx-gui\0.5.1-SNAPSHOT\orx-gui-0.5.1-SNAPSHOT.jar;C:\Users\20182300\.m2\repository\org\openrndr\extra\orx-kdtree\0.5.1-SNAPSHOT\orx-kdtree-0.5.1-SNAPSHOT.jar;C:\Users\20182300\.m2\repository\org\openrndr\extra\orx-mesh-generators\0.5.1-SNAPSHOT\orx-mesh-generators-0.5.1-SNAPSHOT.jar;C:\Users\20182300\.m2\repository\org\openrndr\extra\orx-triangulation\0.5.1-SNAPSHOT\orx-triangulation-0.5.1-SNAPSHOT.jar;C:\Users\20182300\.m2\repository\org\openrndr\extra\orx-olive\0.5.1-SNAPSHOT\orx-olive-0.5.1-SNAPSHOT.jar;C:\Users\20182300\.m2\repository\org\openrndr\extra\orx-palette\0.5.1-SNAPSHOT\orx-palette-0.5.1-SNAPSHOT.jar;C:\Users\20182300\.m2\repository\org\openrndr\extra\orx-poisson-fill\0.5.1-SNAPSHOT\orx-poisson-fill-0.5.1-SNAPSHOT.jar;C:\Users\20182300\.m2\repository\org\openrndr\extra\orx-panel\0.5.1-SNAPSHOT\orx-panel-0.5.1-SNAPSHOT.jar;C:\Users\20182300\.m2\repository\org\openrndr\extra\orx-temporal-blur\0.5.1-SNAPSHOT\orx-temporal-blur-0.5.1-SNAPSHOT.jar;C:\Users\20182300\.m2\repository\org\openrndr\extra\orx-tensorflow\0.5.1-SNAPSH
Launcher Type: SUN_STANDARD

[Global flags]
     intx CICompilerCount                          = 4                                         {product} {ergonomic}
     uint ConcGCThreads                            = 2                                         {product} {ergonomic}
     uint G1ConcRefinementThreads                  = 8                                         {product} {ergonomic}
   size_t G1HeapRegionSize                         = 1048576                                   {product} {ergonomic}
    uintx GCDrainStackTargetSize                   = 64                                        {product} {ergonomic}
   size_t InitialHeapSize                          = 134217728                                 {product} {ergonomic}
   size_t MarkStackSize                            = 4194304                                   {product} {ergonomic}
   size_t MaxHeapSize                              = 2126512128                                {product} {ergonomic}
   size_t MaxNewSize                               = 1275068416                                {product} {ergonomic}
   size_t MinHeapDeltaBytes                        = 1048576                                   {product} {ergonomic}
   size_t MinHeapSize                              = 8388608                                   {product} {ergonomic}
    uintx NonNMethodCodeHeapSize                   = 5839372                                {pd product} {ergonomic}
    uintx NonProfiledCodeHeapSize                  = 122909434                              {pd product} {ergonomic}
    uintx ProfiledCodeHeapSize                     = 122909434                              {pd product} {ergonomic}
    uintx ReservedCodeCacheSize                    = 251658240                              {pd product} {ergonomic}
     bool SegmentedCodeCache                       = true                                      {product} {ergonomic}
   size_t SoftMaxHeapSize                          = 2126512128                             {manageable} {ergonomic}
     bool UseCompressedClassPointers               = true                                 {lp64_product} {ergonomic}
     bool UseCompressedOops                        = true                                 {lp64_product} {ergonomic}
     bool UseG1GC                                  = true                                      {product} {ergonomic}
     bool UseLargePagesIndividualAllocation        = false                                  {pd product} {ergonomic}

Logging:
Log output configuration:
 #0: stdout all=warning uptime,level,tags
 #1: stderr all=off uptime,level,tags

Environment Variables:
JAVA_HOME=C:\Program Files\OpenJDK\openjdk-11.0.10_9
PATH=C:\Program Files\NVIDIA GPU Computing Toolkit\CUDA\v10.1\bin;C:\Program Files\NVIDIA GPU Computing Toolkit\CUDA\v10.1\libnvvp;;C:\Program Files\AdoptOpenJDK\jdk-15.0.2.7-hotspot\bin;C:\Program Files\Haskell\bin;C:\Program Files\Haskell Platform\8.6.5\lib\extralibs\bin;C:\Program Files\Haskell Platform\8.6.5\bin;C:\Users\20182300\Documents\FFmpeg\bin;C:\Program Files (x86)\Common Files\Oracle\Java\javapath;C:\ProgramData\Oracle\Java\javapath;C:\Windows\system32;C:\Windows;C:\Windows\System32\Wbem;C:\Windows\System32\WindowsPowerShell\v1.0\;C:\Windows\System32\OpenSSH\;C:\Program Files\MATLAB\R2018b\bin;C:\Program Files\Git\cmd;C:\Users\20182300\AppData\Roaming\cabal\bin;C:\Users\20182300\AppData\Roaming\local\bin;C:\Users\20182300\AppData\Local\Microsoft\WindowsApps;C:\Users\20182300\AppData\Local\atom\bin;C:\Users\20182300\AppData\Roaming\npm;C:\Program Files\CMake\bin;C:\Program Files\Haskell Platform\8.6.5\mingw\bin;C:\Program Files\PostgreSQL\11\bin;C:\Program Files (x86)\Wolfram Research\WolframScript\;C:\Program Files\Microsoft SQL Server\130\Tools\Binn\;C:\Program Files\dotnet\;C:\WINDOWS\system32;C:\WINDOWS;C:\WINDOWS\System32\Wbem;C:\WINDOWS\System32\WindowsPowerShell\v1.0\;C:\WINDOWS\System32\OpenSSH\;C:\Program Files\IBM\SPSS\Statistics\25\JRE\bin;C:\Program Files\Java\openjdk-1.8.0.265\bin;C:\Program Files\apache-maven-3.6.3\bin;C:\Program Files\Blender Foundation\Blender 2.81;C:\ProgramData\chocolatey\bin;C:\Program Files\OpenJDK\openjdk-11.0.10_9\bin;C:\Program Files\NVIDIA Corporation\Nsight Compute 2019.4.0\;C:\Program Files (x86)\NVIDIA Corporation\PhysX\Common;C:\Program Files\nodejs\;C:\Users\20182300\AppData\Roaming\local\bin;C:\Users\20182300\AppData\Roaming\cabal\bin;C:\Users\20182300\.cargo\bin;C:\Users\20182300\scoop\shims;C:\Ruby25-x64\bin;C:\Users\20182300\AppData\Local\Microsoft\WindowsApps;C:\Users\20182300\AppData\Local\Programs\MiKTeX 2.9\miktex\bin\x64\;C:\Users\20182300\AppData\Local\learn_ide_3\bin;C:\Program Files\JetBrains\Intelli
USERNAME=20182300
OS=Windows_NT
PROCESSOR_IDENTIFIER=Intel64 Family 6 Model 158 Stepping 9, GenuineIntel



---------------  S Y S T E M  ---------------

OS:
 Windows 10 , 64 bit Build 18362 (10.0.18362.1645)
OS uptime: 6 days 23:28 hours
HyperV virtualization detected

CPU: total 8 (initial active 8) (4 cores per cpu, 2 threads per core) family 6 model 158 stepping 9 microcode 0xde, cmov, cx8, fxsr, mmx, sse, sse2, sse3, ssse3, sse4.1, sse4.2, popcnt, vzeroupper, avx, avx2, aes, clmul, erms, 3dnowpref, lzcnt, ht, tsc, tscinvbit, bmi1, bmi2, adx, fma, clflush, clflushopt

Memory: 4k page, system-wide physical 8111M (801M free)
TotalPageFile size 31138M (AvailPageFile size 5753M)
current process WorkingSet (physical memory assigned to process): 156M, peak: 156M
current process commit charge ("private bytes"): 273M, peak: 273M

vm_info: OpenJDK 64-Bit Server VM (15.0.2+7) for windows-amd64 JRE (15.0.2+7), built on Jan 21 2021 05:54:57 by "" with MS VC++ 15.9 (VS2017)

END.
